make all --print-data-base --no-builtin-variables --no-builtin-rules --question
# GNU Make 3.81
# Copyright (C) 2006  Free Software Foundation, Inc.
# This is free software; see the source for copying conditions.
# There is NO warranty; not even for MERCHANTABILITY or FITNESS FOR A
# PARTICULAR PURPOSE.

# This program built for i386-apple-darwin11.3.0

# Make data base, printed on Thu Aug 25 13:10:12 2022

# Variables

# automatic
<D = $(patsubst %/,%,$(dir $<))
# automatic
?F = $(notdir $?)
# automatic
?D = $(patsubst %/,%,$(dir $?))
# automatic
@D = $(patsubst %/,%,$(dir $@))
# automatic
@F = $(notdir $@)
# makefile
CURDIR := /Users/benjaminbrachmann/Code/Privat/development/github_projects/docker-react
# makefile
SHELL = /bin/sh
# environment
VSCODE_NLS_CONFIG = {"locale":"de","availableLanguages":{"*":"de"},"_languagePackId":"ac49ed8871898f6ccc91afa1076d75a0.de","_translationsConfigFile":"/Users/benjaminbrachmann/Library/Application Support/Code/clp/ac49ed8871898f6ccc91afa1076d75a0.de/tcf.json","_cacheRoot":"/Users/benjaminbrachmann/Library/Application Support/Code/clp/ac49ed8871898f6ccc91afa1076d75a0.de","_resolvedLanguagePackCoreLocation":"/Users/benjaminbrachmann/Library/Application Support/Code/clp/ac49ed8871898f6ccc91afa1076d75a0.de/6d9b74a70ca9c7733b29f0456fd8195364076dda","_corruptedFile":"/Users/benjaminbrachmann/Library/Application Support/Code/clp/ac49ed8871898f6ccc91afa1076d75a0.de/corrupted.info","_languagePackSupport":true}
# environment
_ = /usr/bin/make
# makefile (from `Makefile', line 1)
MAKEFILE_LIST :=  Makefile
# environment
__CFBundleIdentifier = com.microsoft.VSCode
# environment
VSCODE_CWD = /
# environment
PATH = /Users/benjaminbrachmann/.deno/bin:/Users/benjaminbrachmann/.cargo/bin:/usr/local/bin:/usr/bin:/bin:/usr/sbin:/sbin:/usr/local/go/bin:/Library/Apple/usr/bin
# environment
LSCOLORS = Gxfxcxdxbxegedabagacad
# environment
ELECTRON_RUN_AS_NODE = 1
# default
.FEATURES := target-specific order-only second-expansion else-if archives jobserver check-symlink
# environment
SSH_AUTH_SOCK = /private/tmp/com.apple.launchd.hpmUJJdZAK/Listeners
# automatic
%F = $(notdir $%)
# environment
PWD = /Users/benjaminbrachmann/Code/Privat/development/github_projects/docker-react
# makefile (from `Makefile', line 2)
RUN_DOCKER_COMMAND := docker compose -f ./.docker/docker-compose.commands.yml run --rm
# environment
ORIGINAL_XDG_CURRENT_DESKTOP = undefined
# environment
VSCODE_AMD_ENTRYPOINT = vs/workbench/api/node/extensionHostProcess
# environment
HOME = /Users/benjaminbrachmann
# default
MAKEFILEPATH := /Applications/Xcode.app/Contents/Developer/Makefiles
# environment
VSCODE_CODE_CACHE_PATH = /Users/benjaminbrachmann/Library/Application Support/Code/CachedData/6d9b74a70ca9c7733b29f0456fd8195364076dda
# environment
LOGNAME = benjaminbrachmann
# environment
APPLICATION_INSIGHTS_NO_DIAGNOSTIC_CHANNEL = true
# environment
ZSH = /Users/benjaminbrachmann/.oh-my-zsh
# environment
VSCODE_HANDLES_UNCAUGHT_ERRORS = true
# automatic
^D = $(patsubst %/,%,$(dir $^))
# environment
XPC_FLAGS = 0x0
# default
MAKE = $(MAKE_COMMAND)
# default
MAKECMDGOALS := all
# environment
SHLVL = 1
# default
MAKE_VERSION := 3.81
# environment
USER = benjaminbrachmann
# makefile
.DEFAULT_GOAL := lint
# environment
LESS = -R
# automatic
%D = $(patsubst %/,%,$(dir $%))
# makefile (from `Makefile', line 3)
RUN_DOCKER_DEVELOPMENT := docker compose -f ./.docker/docker-compose.development.yml -p development-container-client up --remove-orphans
# default
MAKE_COMMAND := /Applications/Xcode.app/Contents/Developer/usr/bin/make
# default
.VARIABLES := 
# environment
TMPDIR = /var/folders/wr/zhr44hyj6t50v3sdl8fpkkfc0000gn/T/
# automatic
*F = $(notdir $*)
# environment
VSCODE_IPC_HOOK = /Users/benjaminbrachmann/Library/Application Support/Code/1.70.1-main.sock
# environment
MallocNanoZone = 0
# makefile
MAKEFLAGS = Rrqp
# environment
MFLAGS = -Rrqp
# automatic
*D = $(patsubst %/,%,$(dir $*))
# environment
XPC_SERVICE_NAME = application.com.microsoft.VSCode.13519534.13519540
# automatic
+D = $(patsubst %/,%,$(dir $+))
# automatic
+F = $(notdir $+)
# environment
DENO_INSTALL = /Users/benjaminbrachmann/.deno
# environment
__CF_USER_TEXT_ENCODING = 0x1F5:0x0:0x3
# environment
COMMAND_MODE = unix2003
# default
MAKEFILES := 
# automatic
<F = $(notdir $<)
# makefile (from `Makefile', line 4)
RUN_DOCKER_PRODUCTION := docker compose -f ./.docker/docker-compose.production.yml -p production-container-client up --remove-orphans
# environment
PAGER = less
# environment
LC_ALL = C
# automatic
^F = $(notdir $^)
# default
SUFFIXES := 
# default
.INCLUDE_DIRS = /usr/local/include
# environment
MAKELEVEL := 0
# environment
LANG = C
# environment
VSCODE_PID = 69255
# variable set hash-table stats:
# Load=66/1024=6%, Rehash=0, Collisions=1/90=1%

# Pattern-specific Variable Values

# No pattern-specific variable values.

# Directories

# . (device 16777233, inode 947123): 32 files, no impossibilities.

# 32 files, no impossibilities in 1 directories.

# Implicit Rules

# No implicit rules.

# Files

setup:
#  Implicit rule search has not been done.
#  Modification time never checked.
#  File has not been updated.
#  commands to execute (from `Makefile', line 18):
	docker volume create nodemodules && make install && make prepare
	

# Not a target:
all:
#  Command-line target.
#  Implicit rule search has been done.
#  File does not exist.
#  File has not been updated.
# variable set hash-table stats:
# Load=0/32=0%, Rehash=0, Collisions=0/0=0%

build-production:
#  Implicit rule search has not been done.
#  Modification time never checked.
#  File has not been updated.
#  commands to execute (from `Makefile', line 36):
	ARGS="" make prepare && $(RUN_DOCKER_COMMAND) build_production
	

# Not a target:
.SUFFIXES:
#  Implicit rule search has not been done.
#  Modification time never checked.
#  File has not been updated.

# Not a target:
Makefile:
#  Implicit rule search has been done.
#  Last modified 2022-05-07 22:28:05
#  File has been updated.
#  Successfully updated.
# variable set hash-table stats:
# Load=0/32=0%, Rehash=0, Collisions=0/0=0%

test-noui:
#  Implicit rule search has not been done.
#  Modification time never checked.
#  File has not been updated.
#  commands to execute (from `Makefile', line 14):
	ARGS="" $(RUN_DOCKER_COMMAND) test_noui
	

test:
#  Implicit rule search has not been done.
#  Modification time never checked.
#  File has not been updated.
#  commands to execute (from `Makefile', line 10):
	ARGS="$(pattern)" $(RUN_DOCKER_COMMAND) test
	

build:
#  Implicit rule search has not been done.
#  Modification time never checked.
#  File has not been updated.
#  commands to execute (from `Makefile', line 30):
	ARGS="" make prepare && $(RUN_DOCKER_COMMAND) build_development
	

prepare:
#  Implicit rule search has not been done.
#  Modification time never checked.
#  File has not been updated.
#  commands to execute (from `Makefile', line 22):
	ARGS="" $(RUN_DOCKER_COMMAND) prepare
	

execute:
#  Implicit rule search has not been done.
#  Modification time never checked.
#  File has not been updated.
#  commands to execute (from `Makefile', line 26):
	ARGS="$(command)" $(RUN_DOCKER_COMMAND) execute_command
	

sync:
#  Implicit rule search has not been done.
#  Modification time never checked.
#  File has not been updated.
#  commands to execute (from `Makefile', line 40):
	ARGS="$(name)" $(RUN_DOCKER_COMMAND) sync_repository
	

release:
#  Implicit rule search has not been done.
#  Modification time never checked.
#  File has not been updated.
#  commands to execute (from `Makefile', line 44):
	make prepare && docker build -t docker-react:build . -f ./.docker/dockerfile.deployment --rm && docker save docker-react:build -o ./build/docker-react.image.tar
	

# Not a target:
.DEFAULT:
#  Implicit rule search has not been done.
#  Modification time never checked.
#  File has not been updated.

serve-production:
#  Implicit rule search has not been done.
#  Modification time never checked.
#  File has not been updated.
#  commands to execute (from `Makefile', line 34):
	make prepare && $(RUN_DOCKER_PRODUCTION)
	

lint:
#  Implicit rule search has not been done.
#  Modification time never checked.
#  File has not been updated.
 
make: *** No rule to make target `all'.  Stop.

#  commands to execute (from `Makefile', line 8):
	ARGS="" $(RUN_DOCKER_COMMAND) lint 
	

serve:
#  Implicit rule search has not been done.
#  Modification time never checked.
#  File has not been updated.
#  commands to execute (from `Makefile', line 28):
	make prepare && $(RUN_DOCKER_DEVELOPMENT)
	

install:
#  Implicit rule search has not been done.
#  Modification time never checked.
#  File has not been updated.
#  commands to execute (from `Makefile', line 24):
	ARGS="" $(RUN_DOCKER_COMMAND) install && npm ci
	

# files hash-table stats:
# Load=17/1024=2%, Rehash=0, Collisions=0/29=0%
# VPATH Search Paths

# No `vpath' search paths.

# No general (`VPATH' variable) search path.

# # of strings in strcache: 1
# # of strcache buffers: 1
# strcache size: total = 4096 / max = 4096 / min = 4096 / avg = 4096
# strcache free: total = 4087 / max = 4087 / min = 4087 / avg = 4087

# Finished Make data base on Thu Aug 25 13:10:12 2022

 
